<?xml version="1.0" encoding="UTF-8"?>
<!-- Generated by org.testng.reporters.JUnitReportReporter -->
<testsuite hostname="GK2206L17" failures="0" tests="4" name="api.test.UserTests2" time="9.462" errors="0" timestamp="2023-06-04T23:00:48 ICT" skipped="0">
  <testcase classname="api.test.UserTests2" name="testPostUser" time="3.203"/>
  <system-out/>
  <testcase classname="api.test.UserTests2" name="testGetUserByName" time="1.554"/>
  <system-out/>
  <testcase classname="api.test.UserTests2" name="testUpdateUserByName" time="3.069"/>
  <system-out/>
  <testcase classname="api.test.UserTests2" name="testDeleteUserByName" time="1.636"/>
  <system-out/>
</testsuite> <!-- api.test.UserTests2 -->
