<?xml version="1.0" encoding="UTF-8"?>
<!-- Generated by org.testng.reporters.JUnitReportReporter -->
<testsuite hostname="GK2206L17" failures="0" tests="4" name="api.test.UserTests2" time="7.475" errors="0" timestamp="2023-06-05T11:36:27 ICT" skipped="0">
  <testcase classname="api.test.UserTests2" name="testPostUser" time="2.523"/>
  <system-out/>
  <testcase classname="api.test.UserTests2" name="testGetUserByName" time="1.227"/>
  <system-out/>
  <testcase classname="api.test.UserTests2" name="testUpdateUserByName" time="2.446"/>
  <system-out/>
  <testcase classname="api.test.UserTests2" name="testDeleteUserByName" time="1.279"/>
  <system-out/>
</testsuite> <!-- api.test.UserTests2 -->
